*** Using Compiler 'V6.16', folder: 'D:\Program\Keil\ARM\ARMCLANG\Bin'
Rebuild target '103RC_DSO'
assembling startup_stm32f103xe.s...
assembling cr4_fft_1024_stm32.s...
compiling usart.c...
compiling gpio.c...
compiling dma.c...
compiling dac.c...
compiling tim.c...
compiling adc.c...
compiling oled.c...
compiling i2c.c...
../Core/Global_IT/Global_IT.c(72): warning: passing 'uint32_t [512]' to parameter of type 'int32_t *' (aka 'int *') converts between pointers to integer types with different sign [-Wpointer-sign]
    dsp_asm_powerMag(FFT_out);                 //求幅值
                     ^~~~~~~
../Core/Global_IT/Global_IT.c(35): note: passing argument to parameter 'IBUFOUT' here
void dsp_asm_powerMag(int32_t* IBUFOUT) //求谐波幅值
                               ^
../Core/Global_IT/Global_IT.c(103): warning: passing 'uint8_t [40]' to parameter of type 'char *' converts between pointers to integer types where one is of the unique plain 'char' type and the other is not [-Wpointer-sign]
    sprintf(str, "Vpp=%.2fV,f=%.1fHZ,d:%.1f%%", vpp, max_f_r, duty_cycle); //实际电压和频率
            ^~~
D:\Program\Keil\ARM\ARMCLANG\Bin\..\include\stdio.h(417): note: passing argument to parameter here
extern _ARMABI int sprintf(char * __restrict /*s*/, const char * __restrict /*format*/, ...) __attribute__((__nonnull__(1,2)));
                                                  ^
../Core/Global_IT/Global_IT.c(135): warning: passing 'char [16]' to parameter of type 'uint8_t *' (aka 'unsigned char *') converts between pointers to integer types where one is of the unique plain 'char' type and the other is not [-Wpointer-sign]
    HAL_UART_Transmit(&huart1, "addt 1,0,325\xff\xff\xff", 15, 50);
                               ^~~~~~~~~~~~~~~~~~~~~~~~~~
../Drivers/STM32F1xx_HAL_Driver/Inc\stm32f1xx_hal_uart.h(725): note: passing argument to parameter 'pData' here
HAL_StatusTypeDef HAL_UART_Transmit(UART_HandleTypeDef *huart, uint8_t *pData, uint16_t Size, uint32_t Timeout);
                                                                        ^
../Core/Global_IT/Global_IT.c(137): warning: passing 'char [4]' to parameter of type 'uint8_t *' (aka 'unsigned char *') converts between pointers to integer types where one is of the unique plain 'char' type and the other is not [-Wpointer-sign]
    HAL_UART_Transmit(&huart1, "\xff\xff\xff", 3, 10);
                               ^~~~~~~~~~~~~~
../Drivers/STM32F1xx_HAL_Driver/Inc\stm32f1xx_hal_uart.h(725): note: passing argument to parameter 'pData' here
HAL_StatusTypeDef HAL_UART_Transmit(UART_HandleTypeDef *huart, uint8_t *pData, uint16_t Size, uint32_t Timeout);
                                                                        ^
../Core/Global_IT/Global_IT.c(145): warning: comparison of distinct pointer types ('USART_TypeDef *' and 'UART_HandleTypeDef *' (aka 'struct __UART_HandleTypeDef *')) [-Wcompare-distinct-pointer-types]
    if (huart->Instance == &huart1)
        ~~~~~~~~~~~~~~~ ^  ~~~~~~~
../Core/Global_IT/Global_IT.c(149): warning: incompatible pointer types passing 'uint8_t (*)[2]' to parameter of type 'uint8_t *' (aka 'unsigned char *') [-Wincompatible-pointer-types]
        HAL_UART_Receive_IT(&huart1, &aRxBuffer, 1);
                                     ^~~~~~~~~~
../Drivers/STM32F1xx_HAL_Driver/Inc\stm32f1xx_hal_uart.h(728): note: passing argument to parameter 'pData' here
HAL_StatusTypeDef HAL_UART_Receive_IT(UART_HandleTypeDef *huart, uint8_t *pData, uint16_t Size);
                                                                          ^
6 warnings generated.
compiling Global_IT.c...
../Core/Src/main.c(134): warning: passing 'char [12]' to parameter of type 'u8 *' (aka 'unsigned char *') converts between pointers to integer types where one is of the unique plain 'char' type and the other is not [-Wpointer-sign]
  OLED_ShowString(0, 0, "OLED_Inited", 16);
                        ^~~~~~~~~~~~~
../Core/OLED_IIC\oled.h(43): note: passing argument to parameter 'p' here
void OLED_ShowString(u8 x,u8 y, u8 *p,u8 Char_Size);
                                    ^
../Core/Src/main.c(139): warning: passing 'uint8_t [10000]' to parameter of type 'char *' converts between pointers to integer types where one is of the unique plain 'char' type and the other is not [-Wpointer-sign]
  sprintf(uartWavStr, "addt 1,0,325\xff\xff\xff");
          ^~~~~~~~~~
D:\Program\Keil\ARM\ARMCLANG\Bin\..\include\stdio.h(417): note: passing argument to parameter here
extern _ARMABI int sprintf(char * __restrict /*s*/, const char * __restrict /*format*/, ...) __attribute__((__nonnull__(1,2)));
                                                  ^
../Core/Src/main.c(141): warning: passing 'uint8_t [10000]' to parameter of type 'char *' converts between pointers to integer types where one is of the unique plain 'char' type and the other is not [-Wpointer-sign]
     strcat(uartWavStr, "\xfe");
            ^~~~~~~~~~
D:\Program\Keil\ARM\ARMCLANG\Bin\..\include\string.h(93): note: passing argument to parameter here
extern _ARMABI char *strcat(char * __restrict /*s1*/, const char * __restrict /*s2*/) __attribute__((__nonnull__(1,2)));
                                                    ^
../Core/Src/main.c(142): warning: passing 'uint8_t [10000]' to parameter of type 'char *' converts between pointers to integer types where one is of the unique plain 'char' type and the other is not [-Wpointer-sign]
   strcat(uartWavStr, "\xff\xff\xff");
          ^~~~~~~~~~
D:\Program\Keil\ARM\ARMCLANG\Bin\..\include\string.h(93): note: passing argument to parameter here
extern _ARMABI char *strcat(char * __restrict /*s1*/, const char * __restrict /*s2*/) __attribute__((__nonnull__(1,2)));
                                                    ^
../Core/Src/main.c(143): warning: passing 'char [18]' to parameter of type 'u8 *' (aka 'unsigned char *') converts between pointers to integer types where one is of the unique plain 'char' type and the other is not [-Wpointer-sign]
  OLED_ShowString(0, 0, "PrePare2ShowF&Vpp", 16);
                        ^~~~~~~~~~~~~~~~~~~
../Core/OLED_IIC\oled.h(43): note: passing argument to parameter 'p' here
void OLED_ShowString(u8 x,u8 y, u8 *p,u8 Char_Size);
                                    ^
../Core/Src/main.c(146): warning: incompatible pointer types passing 'uint8_t (*)[2]' to parameter of type 'uint8_t *' (aka 'unsigned char *') [-Wincompatible-pointer-types]
  HAL_UART_Receive_IT(&huart1, &aRxBuffer, 1);
                               ^~~~~~~~~~
../Drivers/STM32F1xx_HAL_Driver/Inc\stm32f1xx_hal_uart.h(728): note: passing argument to parameter 'pData' here
HAL_StatusTypeDef HAL_UART_Receive_IT(UART_HandleTypeDef *huart, uint8_t *pData, uint16_t Size);
                                                                          ^
6 warnings generated.
compiling main.c...
compiling stm32f1xx_it.c...
compiling stm32f1xx_hal_msp.c...
compiling stm32f1xx_hal_gpio_ex.c...
compiling stm32f1xx_hal_adc_ex.c...
compiling stm32f1xx_hal_adc.c...
compiling stm32f1xx_hal.c...
compiling stm32f1xx_hal_rcc_ex.c...
compiling stm32f1xx_hal_gpio.c...
compiling stm32f1xx_hal_dma.c...
compiling stm32f1xx_hal_rcc.c...
compiling stm32f1xx_hal_cortex.c...
compiling stm32f1xx_hal_pwr.c...
compiling stm32f1xx_hal_flash.c...
compiling stm32f1xx_hal_flash_ex.c...
compiling stm32f1xx_hal_exti.c...
compiling stm32f1xx_hal_dac_ex.c...
compiling stm32f1xx_hal_dac.c...
compiling system_stm32f1xx.c...
compiling stm32f1xx_hal_tim_ex.c...
compiling stm32f1xx_hal_uart.c...
compiling stm32f1xx_hal_tim.c...
compiling stm32f1xx_hal_i2c.c...
linking...
Program Size: Code=22776 RO-data=1880 RW-data=284 ZI-data=24532  
FromELF: creating hex file...
"103RC_DSO\103RC_DSO.axf" - 0 Error(s), 12 Warning(s).
Build Time Elapsed:  00:00:10
